TN:
SF:src\app.ts
FNF:0
FNH:0
DA:7,1
DA:8,1
DA:9,1
DA:11,1
DA:12,1
LF:5
LH:5
BRF:0
BRH:0
end_of_record
TN:
SF:src\database.ts
FNF:0
FNH:0
DA:3,2
DA:4,2
LF:2
LH:2
BRF:0
BRH:0
end_of_record
TN:
SF:src\controllers\recommendationController.ts
FN:6,insert
FN:17,upvote
FN:25,downvote
FN:33,random
FN:39,get
FN:44,getTop
FN:51,getById
FNF:7
FNH:7
FNDA:6,insert
FNDA:1,upvote
FNDA:1,downvote
FNDA:1,random
FNDA:1,get
FNDA:1,getTop
FNDA:1,getById
DA:7,6
DA:8,6
DA:9,2
DA:12,3
DA:14,2
DA:18,1
DA:20,1
DA:22,1
DA:26,1
DA:28,1
DA:30,1
DA:34,1
DA:36,1
DA:40,1
DA:41,1
DA:45,1
DA:47,1
DA:48,1
DA:52,1
DA:54,1
DA:55,1
DA:58,1
LF:22
LH:22
BRDA:8,0,0,2
BRF:1
BRH:1
end_of_record
TN:
SF:src\middlewares\errorHandlerMiddleware.ts
FN:8,errorHandlerMiddleware
FNF:1
FNH:1
FNDA:4,errorHandlerMiddleware
DA:14,4
DA:16,4
DA:17,3
DA:20,1
LF:4
LH:4
BRDA:16,0,0,3
BRF:1
BRH:1
end_of_record
TN:
SF:src\repositories\recommendationRepository.ts
FN:5,create
FN:16,findAll
FN:26,getAmountByScore
FN:33,getFindAllFilter
FN:45,find
FN:51,findByName
FN:57,updateScore
FN:66,remove
FNF:8
FNH:8
FNDA:2,create
FNDA:3,findAll
FNDA:1,getAmountByScore
FNDA:3,getFindAllFilter
FNDA:3,find
FNDA:3,findByName
FNDA:2,updateScore
FNDA:1,remove
DA:6,2
DA:17,3
DA:19,3
DA:27,1
DA:36,3
DA:38,1
DA:40,1
DA:46,3
DA:52,3
DA:58,2
DA:67,1
DA:72,2
LF:12
LH:12
BRDA:36,0,0,2
BRF:1
BRH:1
end_of_record
TN:
SF:src\routers\recommendationRouter.ts
FNF:0
FNH:0
DA:4,1
DA:6,1
DA:7,1
DA:8,1
DA:9,1
DA:10,1
DA:11,1
DA:12,1
LF:8
LH:8
BRF:0
BRH:0
end_of_record
TN:
SF:src\schemas\recommendationsSchemas.ts
FNF:0
FNH:0
DA:4,1
DA:6,1
LF:2
LH:2
BRF:0
BRH:0
end_of_record
TN:
SF:src\services\recommendationsService.ts
FN:7,insert
FN:17,upvote
FN:23,downvote
FN:36,getByIdOrFail
FN:43,get
FN:47,getTop
FN:51,getRandom
FN:64,getByScore
FN:77,getScoreFilter
FNF:9
FNH:9
FNDA:3,insert
FNDA:2,upvote
FNDA:3,downvote
FNDA:6,getByIdOrFail
FNDA:1,get
FNDA:1,getTop
FNDA:4,getRandom
FNDA:4,getByScore
FNDA:4,getScoreFilter
DA:8,3
DA:11,3
DA:12,1
DA:14,2
DA:18,2
DA:20,1
DA:24,3
DA:26,2
DA:31,2
DA:32,1
DA:37,6
DA:38,6
DA:40,4
DA:44,1
DA:48,1
DA:52,4
DA:53,4
DA:55,4
DA:56,4
DA:57,1
DA:60,3
DA:61,3
DA:65,4
DA:70,4
DA:71,2
DA:74,2
DA:78,4
DA:79,3
DA:82,1
DA:85,2
LF:30
LH:30
BRDA:11,0,0,1
BRDA:31,1,0,1
BRDA:38,2,0,2
BRDA:56,3,0,1
BRDA:70,4,0,2
BRDA:78,5,0,3
BRF:6
BRH:6
end_of_record
TN:
SF:src\utils\errorUtils.ts
FN:7,isAppError
FN:11,errorTypeToStatusCode
FN:19,conflictError
FN:23,notFoundError
FN:27,unauthorizedError
FN:31,wrongSchemaError
FNF:6
FNH:5
FNDA:4,isAppError
FNDA:3,errorTypeToStatusCode
FNDA:1,conflictError
FNDA:3,notFoundError
FNDA:0,unauthorizedError
FNDA:2,wrongSchemaError
DA:8,4
DA:12,3
DA:13,2
DA:14,2
DA:15,2
DA:16,0
DA:20,1
DA:24,3
DA:28,0
DA:32,2
LF:10
LH:8
BRDA:12,0,0,1
BRDA:13,1,0,0
BRDA:14,2,0,0
BRDA:15,3,0,2
BRDA:20,4,0,1
BRDA:20,4,1,0
BRDA:20,5,0,1
BRDA:20,5,1,1
BRDA:24,6,0,0
BRDA:24,6,1,3
BRDA:24,7,0,3
BRDA:24,7,1,3
BRDA:28,8,0,0
BRDA:28,8,1,0
BRDA:28,9,0,0
BRDA:28,9,1,0
BRDA:32,10,0,0
BRDA:32,10,1,2
BRDA:32,11,0,2
BRDA:32,11,1,2
BRF:20
BRH:11
end_of_record
TN:
SF:tests\factories\recommendationBodyFactory.ts
FN:2,recommendationBodyFactory
FN:14,recommendationBodyFactoryFull
FNF:2
FNH:2
FNDA:10,recommendationBodyFactory
FNDA:2,recommendationBodyFactoryFull
DA:3,10
DA:5,10
DA:6,26
DA:11,10
DA:15,2
DA:17,2
DA:18,6
DA:25,2
LF:8
LH:8
BRF:0
BRH:0
end_of_record
TN:
SF:tests\factories\recommendationFactory.ts
FN:4,recommendationFactory
FNF:1
FNH:1
FNDA:6,recommendationFactory
DA:5,6
DA:8,6
LF:2
LH:2
BRF:0
BRH:0
end_of_record
