TN:
SF:src\app.ts
FNF:0
FNH:0
DA:7,1
DA:8,1
DA:9,1
DA:11,1
DA:12,1
LF:5
LH:5
BRF:0
BRH:0
end_of_record
TN:
SF:src\database.ts
FNF:0
FNH:0
DA:3,2
DA:4,2
LF:2
LH:2
BRF:0
BRH:0
end_of_record
TN:
SF:src\controllers\recommendationController.ts
FN:6,insert
FN:17,upvote
FN:25,downvote
FN:33,random
FN:39,get
FN:44,getTop
FN:51,getById
FNF:7
FNH:7
FNDA:4,insert
FNDA:1,upvote
FNDA:1,downvote
FNDA:1,random
FNDA:1,get
FNDA:1,getTop
FNDA:2,getById
DA:7,4
DA:8,4
DA:9,1
DA:12,3
DA:14,2
DA:18,1
DA:20,1
DA:22,1
DA:26,1
DA:28,1
DA:30,1
DA:34,1
DA:36,1
DA:40,1
DA:41,1
DA:45,1
DA:47,1
DA:48,1
DA:52,2
DA:54,2
DA:55,2
DA:58,1
LF:22
LH:22
BRDA:8,0,0,1
BRF:1
BRH:1
end_of_record
TN:
SF:src\middlewares\errorHandlerMiddleware.ts
FN:8,errorHandlerMiddleware
FNF:1
FNH:1
FNDA:2,errorHandlerMiddleware
DA:14,2
DA:16,2
DA:17,1
DA:20,1
LF:4
LH:4
BRDA:16,0,0,1
BRF:1
BRH:1
end_of_record
TN:
SF:src\repositories\recommendationRepository.ts
FN:5,create
FN:16,findAll
FN:25,getAmountByScore
FN:32,getFindAllFilter
FN:44,find
FN:50,updateScore
FN:59,remove
FNF:7
FNH:7
FNDA:3,create
FNDA:3,findAll
FNDA:1,getAmountByScore
FNDA:3,getFindAllFilter
FNDA:4,find
FNDA:3,updateScore
FNDA:1,remove
DA:6,3
DA:17,3
DA:19,3
DA:26,1
DA:35,3
DA:37,1
DA:39,1
DA:45,4
DA:51,3
DA:60,1
DA:65,2
LF:11
LH:11
BRDA:35,0,0,2
BRF:1
BRH:1
end_of_record
TN:
SF:src\routers\recommendationRouter.ts
FNF:0
FNH:0
DA:4,1
DA:6,1
DA:7,1
DA:8,1
DA:9,1
DA:10,1
DA:11,1
DA:12,1
LF:8
LH:8
BRF:0
BRH:0
end_of_record
TN:
SF:src\schemas\recommendationsSchemas.ts
FNF:0
FNH:0
DA:4,1
DA:6,1
LF:2
LH:2
BRF:0
BRH:0
end_of_record
TN:
SF:src\services\recommendationsService.ts
FN:7,insert
FN:11,upvote
FN:18,downvote
FN:29,getById
FN:33,get
FN:37,getTop
FN:41,getRandom
FN:54,getByScore
FN:67,getScoreFilter
FNF:9
FNH:9
FNDA:3,insert
FNDA:2,upvote
FNDA:3,downvote
FNDA:2,getById
FNDA:1,get
FNDA:1,getTop
FNDA:3,getRandom
FNDA:3,getByScore
FNDA:3,getScoreFilter
DA:8,3
DA:12,2
DA:13,2
DA:15,1
DA:19,3
DA:20,3
DA:22,2
DA:24,2
DA:25,1
DA:30,2
DA:34,1
DA:38,1
DA:42,3
DA:43,3
DA:45,3
DA:46,3
DA:47,1
DA:50,2
DA:51,2
DA:55,3
DA:60,3
DA:61,1
DA:64,2
DA:68,3
DA:69,1
DA:72,2
DA:75,2
LF:27
LH:27
BRDA:13,0,0,1
BRDA:20,1,0,1
BRDA:24,2,0,1
BRDA:46,3,0,1
BRDA:60,4,0,1
BRDA:68,5,0,1
BRF:6
BRH:6
end_of_record
TN:
SF:src\utils\errorUtils.ts
FN:7,isAppError
FN:11,errorTypeToStatusCode
FN:19,conflictError
FN:23,notFoundError
FN:27,unauthorizedError
FN:31,wrongSchemaError
FNF:6
FNH:4
FNDA:2,isAppError
FNDA:1,errorTypeToStatusCode
FNDA:0,conflictError
FNDA:3,notFoundError
FNDA:0,unauthorizedError
FNDA:1,wrongSchemaError
DA:8,2
DA:12,1
DA:13,1
DA:14,1
DA:15,1
DA:16,0
DA:20,0
DA:24,3
DA:28,0
DA:32,1
LF:10
LH:7
BRDA:12,0,0,0
BRDA:13,1,0,0
BRDA:14,2,0,0
BRDA:15,3,0,1
BRDA:20,4,0,0
BRDA:20,4,1,0
BRDA:20,5,0,0
BRDA:20,5,1,0
BRDA:24,6,0,0
BRDA:24,6,1,3
BRDA:24,7,0,3
BRDA:24,7,1,3
BRDA:28,8,0,0
BRDA:28,8,1,0
BRDA:28,9,0,0
BRDA:28,9,1,0
BRDA:32,10,0,0
BRDA:32,10,1,1
BRDA:32,11,0,1
BRDA:32,11,1,1
BRF:20
BRH:7
end_of_record
TN:
SF:tests\factories\recommendationBodyFactory.ts
FN:2,recommendationBodyFactory
FN:14,recommendationBodyFactoryFull
FNF:2
FNH:2
FNDA:11,recommendationBodyFactory
FNDA:1,recommendationBodyFactoryFull
DA:3,11
DA:5,11
DA:6,27
DA:11,11
DA:15,1
DA:17,1
DA:18,3
DA:25,1
LF:8
LH:8
BRF:0
BRH:0
end_of_record
TN:
SF:tests\factories\recommendationFactory.ts
FN:4,recommendationFactory
FNF:1
FNH:1
FNDA:7,recommendationFactory
DA:5,7
DA:8,7
LF:2
LH:2
BRF:0
BRH:0
end_of_record
